2026-01-20 04:44:04,487 - INFO - [51c8a8bc-ac9d-4a78-b24d-713559a73208] - replying to the client through the socket connection
2026-01-20 04:44:21,716 - INFO - [51c8a8bc-ac9d-4a78-b24d-713559a73208] - Agent requested asset value statistics: metric=max
2026-01-20 04:44:21,722 - INFO - [51c8a8bc-ac9d-4a78-b24d-713559a73208] - retrieving the max asset
2026-01-20 04:44:21,722 - INFO - [51c8a8bc-ac9d-4a78-b24d-713559a73208] - Asset statistics retrieved successfully
2026-01-20 04:44:23,611 - INFO - [51c8a8bc-ac9d-4a78-b24d-713559a73208] - Agent requested asset value statistics: metric=max
2026-01-20 04:44:23,612 - INFO - [51c8a8bc-ac9d-4a78-b24d-713559a73208] - retrieving the max asset
2026-01-20 04:44:23,612 - INFO - [51c8a8bc-ac9d-4a78-b24d-713559a73208] - Asset statistics retrieved successfully
2026-01-20 04:44:25,678 - INFO - [51c8a8bc-ac9d-4a78-b24d-713559a73208] - Agent requested asset value statistics: metric=max
2026-01-20 04:44:25,679 - INFO - [51c8a8bc-ac9d-4a78-b24d-713559a73208] - retrieving the max asset
2026-01-20 04:44:25,679 - INFO - [51c8a8bc-ac9d-4a78-b24d-713559a73208] - Asset statistics retrieved successfully
2026-01-20 04:44:27,827 - INFO - [51c8a8bc-ac9d-4a78-b24d-713559a73208] - Agent requested asset value statistics: metric=max
2026-01-20 04:44:27,828 - INFO - [51c8a8bc-ac9d-4a78-b24d-713559a73208] - retrieving the max asset
2026-01-20 04:44:27,828 - INFO - [51c8a8bc-ac9d-4a78-b24d-713559a73208] - Asset statistics retrieved successfully
2026-01-20 04:44:29,962 - INFO - [51c8a8bc-ac9d-4a78-b24d-713559a73208] - Agent requested asset value statistics: metric=max
2026-01-20 04:44:29,964 - INFO - [51c8a8bc-ac9d-4a78-b24d-713559a73208] - retrieving the max asset
2026-01-20 04:44:29,964 - INFO - [51c8a8bc-ac9d-4a78-b24d-713559a73208] - Asset statistics retrieved successfully
2026-01-20 04:44:31,940 - INFO - [51c8a8bc-ac9d-4a78-b24d-713559a73208] - Agent requested asset value statistics: metric=max
2026-01-20 04:44:31,941 - INFO - [51c8a8bc-ac9d-4a78-b24d-713559a73208] - retrieving the max asset
2026-01-20 04:44:31,941 - INFO - [51c8a8bc-ac9d-4a78-b24d-713559a73208] - Asset statistics retrieved successfully
2026-01-20 04:44:33,916 - INFO - [51c8a8bc-ac9d-4a78-b24d-713559a73208] - Agent requested asset value statistics: metric=max
2026-01-20 04:44:33,917 - INFO - [51c8a8bc-ac9d-4a78-b24d-713559a73208] - retrieving the max asset
2026-01-20 04:44:33,917 - INFO - [51c8a8bc-ac9d-4a78-b24d-713559a73208] - Asset statistics retrieved successfully
2026-01-20 04:44:35,985 - INFO - [51c8a8bc-ac9d-4a78-b24d-713559a73208] - Agent requested asset value statistics: metric=max
2026-01-20 04:44:35,986 - INFO - [51c8a8bc-ac9d-4a78-b24d-713559a73208] - retrieving the max asset
2026-01-20 04:44:35,986 - INFO - [51c8a8bc-ac9d-4a78-b24d-713559a73208] - Asset statistics retrieved successfully
2026-01-20 04:44:38,283 - INFO - [51c8a8bc-ac9d-4a78-b24d-713559a73208] - calling db agent to get db info
2026-01-20 04:44:39,915 - INFO - [51c8a8bc-ac9d-4a78-b24d-713559a73208] - replying to the client through the socket connection
2026-01-20 04:44:58,989 - INFO - [51c8a8bc-ac9d-4a78-b24d-713559a73208] - Agent used the get all assets tool
2026-01-20 04:44:58,990 - INFO - [51c8a8bc-ac9d-4a78-b24d-713559a73208] - retrieving Assets from the DB
2026-01-20 04:44:58,990 - INFO - [51c8a8bc-ac9d-4a78-b24d-713559a73208] - tool call succeeded and got [<backend.src.models.asset.Asset object at 0x78392d7cf550>, <backend.src.models.asset.Asset object at 0x78392d7cf760>, <backend.src.models.asset.Asset object at 0x78392d7ce830>]
2026-01-20 04:45:00,897 - INFO - [51c8a8bc-ac9d-4a78-b24d-713559a73208] - calling db agent to get db info
2026-01-20 04:45:01,306 - INFO - [51c8a8bc-ac9d-4a78-b24d-713559a73208] - replying to the client through the socket connection
2026-01-20 04:45:52,679 - WARNING - [51c8a8bc-ac9d-4a78-b24d-713559a73208] - Socket Client disconnected
